::1 - - [09/Nov/2022:19:43:04 +0200] "GET / HTTP/1.1" 200 288
::1 - - [09/Nov/2022:19:43:05 +0200] "GET /favicon.ico HTTP/1.1" 404 296
::1 - - [09/Nov/2022:20:24:55 +0200] "GET / HTTP/1.1" 200 333
::1 - - [09/Nov/2022:20:24:57 +0200] "GET /basics.php HTTP/1.1" 200 1959
::1 - - [09/Nov/2022:20:26:01 +0200] "GET /basics.php HTTP/1.1" 200 1959
::1 - - [09/Nov/2022:20:27:16 +0200] "GET /basics.php HTTP/1.1" 200 1649
::1 - - [09/Nov/2022:20:29:09 +0200] "GET / HTTP/1.1" 200 2090
::1 - - [09/Nov/2022:20:29:15 +0200] "GET /basics.php HTTP/1.1" 200 1809
::1 - - [09/Nov/2022:20:36:32 +0200] "GET /basics.php HTTP/1.1" 200 2537
::1 - - [09/Nov/2022:20:37:04 +0200] "GET /basics.php HTTP/1.1" 200 2537
::1 - - [09/Nov/2022:20:39:01 +0200] "GET /basics.php HTTP/1.1" 200 2392
::1 - - [11/Nov/2022:13:00:05 +0200] "GET / HTTP/1.1" 200 2090
::1 - - [11/Nov/2022:13:00:08 +0200] "GET /favicon.ico HTTP/1.1" 404 296
::1 - - [11/Nov/2022:13:00:10 +0200] "GET /basics.php HTTP/1.1" 200 3207
::1 - - [11/Nov/2022:13:00:44 +0200] "GET /basics.php HTTP/1.1" 200 3217
::1 - - [11/Nov/2022:13:00:54 +0200] "GET /basics.php HTTP/1.1" 200 3207
::1 - - [11/Nov/2022:13:01:09 +0200] "GET /basics.php HTTP/1.1" 200 3057
::1 - - [11/Nov/2022:13:01:59 +0200] "GET /basics.php HTTP/1.1" 200 3227
::1 - - [11/Nov/2022:13:02:15 +0200] "GET /basics.php HTTP/1.1" 200 3077
::1 - - [11/Nov/2022:18:09:47 +0200] "GET /basics.php HTTP/1.1" 200 3077
::1 - - [11/Nov/2022:18:09:47 +0200] "GET /favicon.ico HTTP/1.1" 404 296
::1 - - [11/Nov/2022:18:09:52 +0200] "GET / HTTP/1.1" 200 2090
::1 - - [11/Nov/2022:18:47:05 +0200] "GET / HTTP/1.1" 200 2153
::1 - - [11/Nov/2022:18:47:23 +0200] "GET / HTTP/1.1" 200 2149
::1 - - [11/Nov/2022:18:47:37 +0200] "GET /fundamentals.php HTTP/1.1" 200 1757
::1 - - [11/Nov/2022:19:12:19 +0200] "GET /fundamentals.php HTTP/1.1" 200 2660
::1 - - [11/Nov/2022:19:39:26 +0200] "GET /fundamentals.php HTTP/1.1" 200 2692
::1 - - [11/Nov/2022:19:39:56 +0200] "GET /fundamentals.php HTTP/1.1" 200 2697
::1 - - [11/Nov/2022:19:41:00 +0200] "GET /fundamentals.php HTTP/1.1" 200 2697
::1 - - [11/Nov/2022:19:41:03 +0200] "GET /fundamentals.php HTTP/1.1" 200 2697
::1 - - [11/Nov/2022:19:41:19 +0200] "GET /fundamentals.php HTTP/1.1" 200 2730
::1 - - [11/Nov/2022:19:43:14 +0200] "GET /fundamentals.php HTTP/1.1" 200 2730
::1 - - [11/Nov/2022:19:43:54 +0200] "GET /fundamentals.php HTTP/1.1" 200 2767
::1 - - [11/Nov/2022:19:47:31 +0200] "GET /fundamentals.php HTTP/1.1" 200 2806
::1 - - [11/Nov/2022:19:48:27 +0200] "GET /fundamentals.php HTTP/1.1" 200 2807
::1 - - [11/Nov/2022:19:50:34 +0200] "GET /fundamentals.php HTTP/1.1" 200 2923
::1 - - [11/Nov/2022:19:50:48 +0200] "GET /fundamentals.php HTTP/1.1" 200 2809
::1 - - [11/Nov/2022:20:02:32 +0200] "GET /fundamentals.php HTTP/1.1" 200 2809
::1 - - [11/Nov/2022:20:04:17 +0200] "GET /fundamentals.php HTTP/1.1" 200 2810
::1 - - [11/Nov/2022:20:08:41 +0200] "GET /fundamentals.php HTTP/1.1" 200 2815
::1 - - [11/Nov/2022:20:09:50 +0200] "GET /fundamentals.php HTTP/1.1" 200 137
::1 - - [11/Nov/2022:20:10:06 +0200] "GET /fundamentals.php HTTP/1.1" 200 2923
::1 - - [11/Nov/2022:20:19:33 +0200] "GET /fundamentals.php HTTP/1.1" 200 2934
::1 - - [11/Nov/2022:20:28:27 +0200] "GET /fundamentals.php HTTP/1.1" 200 203
::1 - - [11/Nov/2022:20:29:08 +0200] "GET /fundamentals.php HTTP/1.1" 200 2960
::1 - - [11/Nov/2022:20:29:32 +0200] "GET /fundamentals.php HTTP/1.1" 200 2962
::1 - - [11/Nov/2022:20:29:48 +0200] "GET /fundamentals.php HTTP/1.1" 200 2964
::1 - - [11/Nov/2022:20:29:57 +0200] "GET /fundamentals.php HTTP/1.1" 200 2965
::1 - - [11/Nov/2022:20:30:08 +0200] "GET /fundamentals.php HTTP/1.1" 200 2967
::1 - - [11/Nov/2022:20:30:19 +0200] "GET /fundamentals.php HTTP/1.1" 200 2965
::1 - - [11/Nov/2022:20:30:51 +0200] "GET /fundamentals.php HTTP/1.1" 200 2977
::1 - - [11/Nov/2022:20:32:28 +0200] "GET /fundamentals.php HTTP/1.1" 200 3239
::1 - - [11/Nov/2022:20:33:21 +0200] "GET / HTTP/1.1" 200 2149
::1 - - [11/Nov/2022:20:33:39 +0200] "GET /fundamentals.php HTTP/1.1" 200 3239
::1 - - [11/Nov/2022:20:34:15 +0200] "GET /fundamentals.php HTTP/1.1" 200 2987
::1 - - [11/Nov/2022:20:35:29 +0200] "GET /fundamentals.php HTTP/1.1" 200 2987
::1 - - [14/Nov/2022:12:25:27 +0200] "GET /fundamentals.php HTTP/1.1" 200 2987
::1 - - [14/Nov/2022:12:25:30 +0200] "GET /fundamentals.php HTTP/1.1" 200 2987
::1 - - [14/Nov/2022:12:27:51 +0200] "GET /fundamentals.php HTTP/1.1" 200 2987
::1 - - [14/Nov/2022:12:27:59 +0200] "GET / HTTP/1.1" 200 2149
::1 - - [14/Nov/2022:12:28:02 +0200] "GET /fundamentals.php HTTP/1.1" 200 2987
::1 - - [14/Nov/2022:12:28:08 +0200] "GET /basics.php HTTP/1.1" 200 3077
::1 - - [14/Nov/2022:12:35:23 +0200] "GET /basics.php HTTP/1.1" 200 3077
::1 - - [14/Nov/2022:19:14:39 +0200] "GET / HTTP/1.1" 200 2149
::1 - - [14/Nov/2022:19:14:40 +0200] "GET /favicon.ico HTTP/1.1" 404 297
::1 - - [14/Nov/2022:19:14:54 +0200] "GET /basics.php HTTP/1.1" 200 3077
::1 - - [14/Nov/2022:19:15:00 +0200] "GET /fundamentals.php HTTP/1.1" 200 2987
::1 - - [14/Nov/2022:19:38:04 +0200] "GET / HTTP/1.1" 200 2205
::1 - - [14/Nov/2022:19:54:52 +0200] "GET / HTTP/1.1" 200 3843
::1 - - [14/Nov/2022:19:57:14 +0200] "GET /footer.php HTTP/1.1" 200 3825
::1 - - [14/Nov/2022:20:18:15 +0200] "GET /footer.php HTTP/1.1" 200 49
::1 - - [14/Nov/2022:20:18:26 +0200] "GET /123 HTTP/1.1" 200 42
::1 - - [14/Nov/2022:20:18:34 +0200] "GET /123/asd HTTP/1.1" 200 57
::1 - - [14/Nov/2022:20:28:01 +0200] "GET /123/asd HTTP/1.1" 200 3
::1 - - [14/Nov/2022:20:28:33 +0200] "GET /123/asd HTTP/1.1" 200 60
::1 - - [14/Nov/2022:20:29:31 +0200] "GET /123/asd HTTP/1.1" 200 3
::1 - - [14/Nov/2022:20:29:51 +0200] "GET / HTTP/1.1" 200 2205
::1 - - [14/Nov/2022:20:38:17 +0200] "GET / HTTP/1.1" 200 1721
::1 - - [14/Nov/2022:20:38:50 +0200] "GET / HTTP/1.1" 200 1721
::1 - - [14/Nov/2022:20:41:04 +0200] "GET / HTTP/1.1" 200 1721
::1 - - [14/Nov/2022:20:43:06 +0200] "GET / HTTP/1.1" 200 1721
::1 - - [14/Nov/2022:20:43:12 +0200] "GET / HTTP/1.1" 200 1721
::1 - - [14/Nov/2022:20:43:40 +0200] "GET / HTTP/1.1" 200 1721
::1 - - [14/Nov/2022:20:45:05 +0200] "GET / HTTP/1.1" 200 2333
::1 - - [14/Nov/2022:20:56:25 +0200] "GET / HTTP/1.1" 200 2321
::1 - - [14/Nov/2022:20:56:27 +0200] "GET /basics HTTP/1.1" 200 3827
::1 - - [14/Nov/2022:20:56:53 +0200] "GET /basics HTTP/1.1" 200 3704
::1 - - [14/Nov/2022:20:58:00 +0200] "GET /basics HTTP/1.1" 200 3438
::1 - - [14/Nov/2022:20:58:06 +0200] "GET / HTTP/1.1" 200 2198
::1 - - [14/Nov/2022:20:58:08 +0200] "GET /basics HTTP/1.1" 200 3438
::1 - - [14/Nov/2022:20:59:07 +0200] "GET /basics HTTP/1.1" 200 3431
::1 - - [14/Nov/2022:21:00:01 +0200] "GET / HTTP/1.1" 200 2189
::1 - - [14/Nov/2022:21:00:08 +0200] "GET /fundamentals HTTP/1.1" 200 3190
::1 - - [14/Nov/2022:21:00:14 +0200] "GET /layout HTTP/1.1" 200 1264
::1 - - [14/Nov/2022:21:00:17 +0200] "GET /basics HTTP/1.1" 200 3431
::1 - - [14/Nov/2022:21:00:38 +0200] "GET /basics HTTP/1.1" 200 3431
::1 - - [14/Nov/2022:21:03:42 +0200] "GET /basics HTTP/1.1" 200 3442
::1 - - [14/Nov/2022:21:03:44 +0200] "GET /basics HTTP/1.1" 200 3442
::1 - - [14/Nov/2022:21:04:04 +0200] "GET /basics HTTP/1.1" 200 3256
::1 - - [14/Nov/2022:21:04:10 +0200] "GET /basics HTTP/1.1" 200 3256
::1 - - [14/Nov/2022:21:04:15 +0200] "GET /fundamentals HTTP/1.1" 200 3190
::1 - - [14/Nov/2022:21:04:18 +0200] "GET /layout HTTP/1.1" 200 1264
::1 - - [14/Nov/2022:21:04:24 +0200] "GET /basics HTTP/1.1" 200 3256
::1 - - [14/Nov/2022:21:07:47 +0200] "GET /basics HTTP/1.1" 200 3256
::1 - - [14/Nov/2022:21:07:53 +0200] "GET /13 HTTP/1.1" 200 520
::1 - - [14/Nov/2022:21:09:36 +0200] "GET /13 HTTP/1.1" 200 559
::1 - - [14/Nov/2022:21:10:37 +0200] "GET /13 HTTP/1.1" 200 580
::1 - - [14/Nov/2022:21:10:56 +0200] "GET /13 HTTP/1.1" 200 640
::1 - - [14/Nov/2022:21:11:09 +0200] "GET /13 HTTP/1.1" 200 640
::1 - - [14/Nov/2022:21:12:20 +0200] "GET /13 HTTP/1.1" 200 701
::1 - - [14/Nov/2022:21:12:46 +0200] "GET /13 HTTP/1.1" 200 731
::1 - - [14/Nov/2022:21:12:59 +0200] "GET /13 HTTP/1.1" 200 730
::1 - - [14/Nov/2022:21:13:56 +0200] "GET /13 HTTP/1.1" 200 740
::1 - - [14/Nov/2022:21:16:20 +0200] "GET /13 HTTP/1.1" 200 784
::1 - - [14/Nov/2022:21:16:22 +0200] "GET /basics HTTP/1.1" 200 3400
::1 - - [14/Nov/2022:21:17:32 +0200] "GET /basics HTTP/1.1" 200 3387
::1 - - [14/Nov/2022:21:17:32 +0200] "GET /www/style.css HTTP/1.1" 200 771
::1 - - [14/Nov/2022:21:17:32 +0200] "GET /basics HTTP/1.1" 200 3387
::1 - - [14/Nov/2022:21:17:33 +0200] "GET /www/style.css HTTP/1.1" 200 771
::1 - - [14/Nov/2022:21:17:53 +0200] "GET /basics HTTP/1.1" 200 3417
::1 - - [14/Nov/2022:21:17:54 +0200] "GET /basics HTTP/1.1" 200 3417
::1 - - [14/Nov/2022:21:18:07 +0200] "GET /basics HTTP/1.1" 200 3417
::1 - - [14/Nov/2022:21:19:25 +0200] "GET /basics HTTP/1.1" 200 3432
::1 - - [14/Nov/2022:21:19:26 +0200] "GET /basics HTTP/1.1" 200 3432
::1 - - [14/Nov/2022:21:20:08 +0200] "GET /basics HTTP/1.1" 200 3432
::1 - - [14/Nov/2022:21:20:09 +0200] "GET /basics HTTP/1.1" 200 3432
::1 - - [14/Nov/2022:21:20:49 +0200] "GET /basics HTTP/1.1" 200 3432
::1 - - [14/Nov/2022:21:20:50 +0200] "GET /basics HTTP/1.1" 200 3432
::1 - - [14/Nov/2022:21:21:11 +0200] "GET /basics HTTP/1.1" 200 3403
::1 - - [14/Nov/2022:21:21:11 +0200] "GET /www/style.css HTTP/1.1" 200 787
::1 - - [14/Nov/2022:21:21:12 +0200] "GET /basics HTTP/1.1" 200 3403
::1 - - [14/Nov/2022:21:21:12 +0200] "GET /www/style.css HTTP/1.1" 200 787
::1 - - [14/Nov/2022:21:21:29 +0200] "GET /basics HTTP/1.1" 200 3403
::1 - - [14/Nov/2022:21:21:29 +0200] "GET /www/style.css HTTP/1.1" 200 787
::1 - - [14/Nov/2022:21:21:30 +0200] "GET /basics HTTP/1.1" 200 3403
::1 - - [14/Nov/2022:21:21:30 +0200] "GET /www/style.css HTTP/1.1" 200 787
::1 - - [14/Nov/2022:21:21:36 +0200] "GET /basic HTTP/1.1" 200 787
::1 - - [14/Nov/2022:21:21:37 +0200] "GET /www/style.css HTTP/1.1" 200 787
::1 - - [16/Nov/2022:18:27:09 +0200] "GET / HTTP/1.1" 200 2336
::1 - - [16/Nov/2022:18:27:09 +0200] "GET /www/style.css HTTP/1.1" 200 787
::1 - - [16/Nov/2022:18:30:18 +0200] "GET /css/style.css HTTP/1.1" 200 787
::1 - - [16/Nov/2022:18:30:18 +0200] "GET /css/www/style.css HTTP/1.1" 200 787
::1 - - [16/Nov/2022:18:30:25 +0200] "GET /basics HTTP/1.1" 200 3403
::1 - - [16/Nov/2022:18:30:25 +0200] "GET /www/style.css HTTP/1.1" 200 787
::1 - - [16/Nov/2022:18:30:31 +0200] "GET / HTTP/1.1" 200 2336
::1 - - [16/Nov/2022:18:30:31 +0200] "GET /www/style.css HTTP/1.1" 200 787
::1 - - [16/Nov/2022:18:32:06 +0200] "GET /img/image.png HTTP/1.1" 200 201607
::1 - - [16/Nov/2022:18:32:51 +0200] "GET /img/image.png HTTP/1.1" 200 201607
::1 - - [16/Nov/2022:18:32:59 +0200] "GET / HTTP/1.1" 200 205
::1 - - [16/Nov/2022:18:35:49 +0200] "GET / HTTP/1.1" 200 697
::1 - - [16/Nov/2022:18:37:45 +0200] "GET / HTTP/1.1" 200 2396
::1 - - [16/Nov/2022:18:37:45 +0200] "GET /css/style.css HTTP/1.1" 200 710
::1 - - [16/Nov/2022:18:37:45 +0200] "GET /img/image.png HTTP/1.1" 200 710
::1 - - [16/Nov/2022:18:45:14 +0200] "GET / HTTP/1.1" 200 2382
::1 - - [16/Nov/2022:18:45:14 +0200] "GET /css/style.css HTTP/1.1" 200 29
::1 - - [16/Nov/2022:18:45:14 +0200] "GET /img/image.png HTTP/1.1" 200 201607
::1 - - [16/Nov/2022:18:57:56 +0200] "GET / HTTP/1.1" 200 231
::1 - - [16/Nov/2022:18:58:21 +0200] "GET / HTTP/1.1" 200 2382
::1 - - [16/Nov/2022:18:58:21 +0200] "GET /css/style.css HTTP/1.1" 200 445
::1 - - [16/Nov/2022:18:58:21 +0200] "GET /img/image.png HTTP/1.1" 200 445
::1 - - [16/Nov/2022:18:58:41 +0200] "GET / HTTP/1.1" 200 2382
::1 - - [16/Nov/2022:18:58:41 +0200] "GET /img/image.png HTTP/1.1" 200 445
::1 - - [16/Nov/2022:18:58:41 +0200] "GET /css/style.css HTTP/1.1" 200 445
::1 - - [16/Nov/2022:18:59:15 +0200] "GET / HTTP/1.1" 200 2382
::1 - - [16/Nov/2022:18:59:15 +0200] "GET /img/image.png HTTP/1.1" 200 445
::1 - - [16/Nov/2022:18:59:15 +0200] "GET /css/style.css HTTP/1.1" 200 445
::1 - - [16/Nov/2022:19:00:24 +0200] "GET / HTTP/1.1" 200 2382
::1 - - [16/Nov/2022:19:00:25 +0200] "GET /css/style.css HTTP/1.1" 200 445
::1 - - [16/Nov/2022:19:00:25 +0200] "GET /img/image.png HTTP/1.1" 200 445
::1 - - [16/Nov/2022:19:00:29 +0200] "GET /css/style.css HTTP/1.1" 200 445
::1 - - [16/Nov/2022:19:00:40 +0200] "GET / HTTP/1.1" 200 2382
::1 - - [16/Nov/2022:19:00:41 +0200] "GET /css/style.css HTTP/1.1" 200 445
::1 - - [16/Nov/2022:19:00:41 +0200] "GET /img/image.png HTTP/1.1" 200 445
::1 - - [16/Nov/2022:19:01:46 +0200] "GET / HTTP/1.1" 200 2382
::1 - - [16/Nov/2022:19:01:46 +0200] "GET /css/style.css HTTP/1.1" 200 29
::1 - - [16/Nov/2022:19:01:46 +0200] "GET /img/image.png HTTP/1.1" 200 201607
::1 - - [16/Nov/2022:19:02:47 +0200] "GET / HTTP/1.1" 200 2382
::1 - - [16/Nov/2022:19:02:47 +0200] "GET /css/style.css HTTP/1.1" 200 29
::1 - - [16/Nov/2022:19:02:47 +0200] "GET /img/image.png HTTP/1.1" 200 201607
::1 - - [16/Nov/2022:19:03:06 +0200] "GET / HTTP/1.1" 200 2382
::1 - - [16/Nov/2022:19:03:06 +0200] "GET /img/image.png HTTP/1.1" 200 201607
::1 - - [16/Nov/2022:19:03:06 +0200] "GET /css/style.css HTTP/1.1" 200 29
::1 - - [16/Nov/2022:19:03:18 +0200] "GET / HTTP/1.1" 200 2382
::1 - - [16/Nov/2022:19:03:19 +0200] "GET /css/style.css HTTP/1.1" 200 29
::1 - - [16/Nov/2022:19:03:19 +0200] "GET /img/image.png HTTP/1.1" 200 201607
::1 - - [16/Nov/2022:19:03:37 +0200] "GET / HTTP/1.1" 200 2382
::1 - - [16/Nov/2022:19:03:37 +0200] "GET /css/style.css HTTP/1.1" 200 23
::1 - - [16/Nov/2022:19:03:37 +0200] "GET /img/image.png HTTP/1.1" 200 201607
::1 - - [16/Nov/2022:19:04:49 +0200] "GET / HTTP/1.1" 200 2382
::1 - - [16/Nov/2022:19:04:50 +0200] "GET /css/style.css HTTP/1.1" 200 23
::1 - - [16/Nov/2022:19:04:50 +0200] "GET /img/image.png HTTP/1.1" 200 201607
::1 - - [16/Nov/2022:19:05:04 +0200] "GET / HTTP/1.1" 200 2382
::1 - - [16/Nov/2022:19:05:05 +0200] "GET /css/style.css HTTP/1.1" 200 22
::1 - - [16/Nov/2022:19:05:05 +0200] "GET /img/image.png HTTP/1.1" 200 201607
::1 - - [16/Nov/2022:19:05:17 +0200] "GET / HTTP/1.1" 200 2382
::1 - - [16/Nov/2022:19:05:17 +0200] "GET /css/style.css HTTP/1.1" 200 43
::1 - - [16/Nov/2022:19:05:17 +0200] "GET /img/image.png HTTP/1.1" 200 201607
::1 - - [16/Nov/2022:19:05:25 +0200] "GET / HTTP/1.1" 200 2382
::1 - - [16/Nov/2022:19:05:26 +0200] "GET /css/style.css HTTP/1.1" 200 22
::1 - - [16/Nov/2022:19:05:26 +0200] "GET /img/image.png HTTP/1.1" 200 201607
::1 - - [16/Nov/2022:19:19:34 +0200] "GET / HTTP/1.1" 200 269
::1 - - [16/Nov/2022:19:20:33 +0200] "GET / HTTP/1.1" 200 2433
::1 - - [16/Nov/2022:19:20:33 +0200] "GET /img/image.png HTTP/1.1" 200 201607
::1 - - [16/Nov/2022:19:20:33 +0200] "GET /css/style.css HTTP/1.1" 200 22
::1 - - [16/Nov/2022:19:20:37 +0200] "GET /formdata HTTP/1.1" 200 714
::1 - - [16/Nov/2022:19:20:37 +0200] "GET /css/style.css HTTP/1.1" 200 22
::1 - - [16/Nov/2022:19:20:37 +0200] "GET /img/image.png HTTP/1.1" 200 201607
::1 - - [16/Nov/2022:19:20:39 +0200] "GET /basics HTTP/1.1" 200 3500
::1 - - [16/Nov/2022:19:20:39 +0200] "GET /css/style.css HTTP/1.1" 200 22
::1 - - [16/Nov/2022:19:20:39 +0200] "GET /img/image.png HTTP/1.1" 200 201607
::1 - - [16/Nov/2022:19:37:30 +0200] "GET /basics HTTP/1.1" 200 3500
::1 - - [16/Nov/2022:19:37:30 +0200] "GET /css/style.css HTTP/1.1" 200 22
::1 - - [16/Nov/2022:19:37:30 +0200] "GET /img/image.png HTTP/1.1" 200 201607
::1 - - [16/Nov/2022:19:37:31 +0200] "GET /formdata HTTP/1.1" 200 947
::1 - - [16/Nov/2022:19:37:32 +0200] "GET /css/style.css HTTP/1.1" 200 22
::1 - - [16/Nov/2022:19:37:32 +0200] "GET /img/image.png HTTP/1.1" 200 201607
::1 - - [16/Nov/2022:19:37:35 +0200] "GET /formdata?str=123 HTTP/1.1" 200 884
::1 - - [16/Nov/2022:19:37:35 +0200] "GET /css/style.css HTTP/1.1" 200 22
::1 - - [16/Nov/2022:19:37:35 +0200] "GET /img/image.png HTTP/1.1" 200 201607
::1 - - [16/Nov/2022:19:45:28 +0200] "GET /formdata?str=123 HTTP/1.1" 200 966
::1 - - [16/Nov/2022:19:45:29 +0200] "GET /css/style.css HTTP/1.1" 200 22
::1 - - [16/Nov/2022:19:45:29 +0200] "GET /img/image.png HTTP/1.1" 200 201607
::1 - - [16/Nov/2022:19:47:06 +0200] "GET /formdata?str=123 HTTP/1.1" 200 966
::1 - - [16/Nov/2022:19:47:06 +0200] "GET /css/style.css HTTP/1.1" 200 22
::1 - - [16/Nov/2022:19:47:06 +0200] "GET /img/image.png HTTP/1.1" 200 201607
::1 - - [16/Nov/2022:19:51:27 +0200] "GET /formdata?str=123 HTTP/1.1" 200 1395
::1 - - [16/Nov/2022:19:51:27 +0200] "GET /css/style.css HTTP/1.1" 200 22
::1 - - [16/Nov/2022:19:51:27 +0200] "GET /img/image.png HTTP/1.1" 200 201607
::1 - - [16/Nov/2022:19:51:35 +0200] "GET /formdata? HTTP/1.1" 200 1378
::1 - - [16/Nov/2022:19:51:35 +0200] "GET /css/style.css HTTP/1.1" 200 22
::1 - - [16/Nov/2022:19:51:35 +0200] "GET /img/image.png HTTP/1.1" 200 201607
::1 - - [16/Nov/2022:19:53:06 +0200] "GET /formdata?str=123 HTTP/1.1" 200 1395
::1 - - [16/Nov/2022:19:53:06 +0200] "GET /css/style.css HTTP/1.1" 200 22
::1 - - [16/Nov/2022:19:53:06 +0200] "GET /img/image.png HTTP/1.1" 200 201607
::1 - - [16/Nov/2022:19:53:10 +0200] "GET /formdata? HTTP/1.1" 200 1378
::1 - - [16/Nov/2022:19:53:11 +0200] "GET /css/style.css HTTP/1.1" 200 22
::1 - - [16/Nov/2022:19:53:11 +0200] "GET /img/image.png HTTP/1.1" 200 201607
::1 - - [16/Nov/2022:19:53:13 +0200] "POST /formdata? HTTP/1.1" 200 1396
::1 - - [16/Nov/2022:19:53:14 +0200] "GET /css/style.css HTTP/1.1" 200 22
::1 - - [16/Nov/2022:19:53:14 +0200] "GET /img/image.png HTTP/1.1" 200 201607
::1 - - [16/Nov/2022:19:53:18 +0200] "GET /formdata?str=123 HTTP/1.1" 200 1395
::1 - - [16/Nov/2022:19:53:18 +0200] "GET /css/style.css HTTP/1.1" 200 22
::1 - - [16/Nov/2022:19:53:18 +0200] "GET /img/image.png HTTP/1.1" 200 201607
::1 - - [16/Nov/2022:19:53:21 +0200] "POST /formdata?str=123 HTTP/1.1" 200 1413
::1 - - [16/Nov/2022:19:53:22 +0200] "GET /css/style.css HTTP/1.1" 200 22
::1 - - [16/Nov/2022:19:53:22 +0200] "GET /img/image.png HTTP/1.1" 200 201607
::1 - - [16/Nov/2022:20:11:18 +0200] "POST /formdata?str=123 HTTP/1.1" 200 2639
::1 - - [16/Nov/2022:20:11:19 +0200] "GET /css/style.css HTTP/1.1" 200 22
::1 - - [16/Nov/2022:20:11:19 +0200] "GET /img/image.png HTTP/1.1" 200 201607
::1 - - [16/Nov/2022:20:11:52 +0200] "POST /formdata?str=123 HTTP/1.1" 200 2655
::1 - - [16/Nov/2022:20:11:52 +0200] "GET /css/style.css HTTP/1.1" 200 22
::1 - - [16/Nov/2022:20:11:52 +0200] "GET /img/image.png HTTP/1.1" 200 201607
::1 - - [16/Nov/2022:20:12:04 +0200] "POST /formdata?str=123 HTTP/1.1" 200 2651
::1 - - [16/Nov/2022:20:12:04 +0200] "GET /css/style.css HTTP/1.1" 200 22
::1 - - [16/Nov/2022:20:12:04 +0200] "GET /img/image.png HTTP/1.1" 200 201607
::1 - - [16/Nov/2022:20:12:47 +0200] "POST /formdata?str=123 HTTP/1.1" 200 2651
::1 - - [16/Nov/2022:20:12:47 +0200] "GET /css/style.css HTTP/1.1" 200 22
::1 - - [16/Nov/2022:20:12:47 +0200] "GET /img/image.png HTTP/1.1" 200 201607
::1 - - [16/Nov/2022:20:13:01 +0200] "POST /formdata?str=123 HTTP/1.1" 200 2649
::1 - - [16/Nov/2022:20:13:01 +0200] "GET /css/style.css HTTP/1.1" 200 22
::1 - - [16/Nov/2022:20:13:01 +0200] "GET /img/image.png HTTP/1.1" 200 201607
::1 - - [16/Nov/2022:20:13:27 +0200] "POST /formdata?str=123 HTTP/1.1" 200 2660
::1 - - [16/Nov/2022:20:13:27 +0200] "GET /css/style.css HTTP/1.1" 200 22
::1 - - [16/Nov/2022:20:13:27 +0200] "GET /img/image.png HTTP/1.1" 200 201607
::1 - - [16/Nov/2022:20:14:20 +0200] "POST /formdata?str=123 HTTP/1.1" 200 2660
::1 - - [16/Nov/2022:20:14:20 +0200] "GET /img/image.png HTTP/1.1" 200 201607
::1 - - [16/Nov/2022:20:14:20 +0200] "GET /css/style.css HTTP/1.1" 200 22
::1 - - [16/Nov/2022:20:15:20 +0200] "POST /formdata?str=123 HTTP/1.1" 200 2919
::1 - - [16/Nov/2022:20:15:20 +0200] "GET /css/style.css HTTP/1.1" 200 22
::1 - - [16/Nov/2022:20:15:20 +0200] "GET /img/image.png HTTP/1.1" 200 201607
::1 - - [16/Nov/2022:20:15:56 +0200] "POST /formdata?str=123 HTTP/1.1" 200 855
::1 - - [16/Nov/2022:20:15:57 +0200] "GET /css/style.css HTTP/1.1" 200 22
::1 - - [16/Nov/2022:20:15:57 +0200] "GET /img/image.png HTTP/1.1" 200 201607
::1 - - [16/Nov/2022:20:16:16 +0200] "POST /formdata?str=123 HTTP/1.1" 200 855
::1 - - [16/Nov/2022:20:16:16 +0200] "GET /css/style.css HTTP/1.1" 200 22
::1 - - [16/Nov/2022:20:16:16 +0200] "GET /img/image.png HTTP/1.1" 200 201607
::1 - - [16/Nov/2022:20:16:27 +0200] "POST /formdata?str=123 HTTP/1.1" 200 2919
::1 - - [16/Nov/2022:20:16:27 +0200] "GET /css/style.css HTTP/1.1" 200 22
::1 - - [16/Nov/2022:20:16:27 +0200] "GET /img/image.png HTTP/1.1" 200 201607
::1 - - [16/Nov/2022:20:16:47 +0200] "GET /formdata HTTP/1.1" 200 2590
::1 - - [16/Nov/2022:20:16:47 +0200] "GET /css/style.css HTTP/1.1" 200 22
::1 - - [16/Nov/2022:20:16:47 +0200] "GET /img/image.png HTTP/1.1" 200 201607
::1 - - [16/Nov/2022:20:16:56 +0200] "POST /formdata HTTP/1.1" 200 2885
::1 - - [16/Nov/2022:20:16:56 +0200] "GET /css/style.css HTTP/1.1" 200 22
::1 - - [16/Nov/2022:20:16:56 +0200] "GET /img/image.png HTTP/1.1" 200 201607
::1 - - [16/Nov/2022:20:19:01 +0200] "POST /formdata HTTP/1.1" 200 2898
::1 - - [16/Nov/2022:20:19:01 +0200] "GET /css/style.css HTTP/1.1" 200 22
::1 - - [16/Nov/2022:20:19:01 +0200] "GET /img/image.png HTTP/1.1" 200 201607
::1 - - [16/Nov/2022:20:19:09 +0200] "POST /formdata HTTP/1.1" 200 2898
::1 - - [16/Nov/2022:20:19:09 +0200] "GET /css/style.css HTTP/1.1" 200 22
::1 - - [16/Nov/2022:20:19:09 +0200] "GET /img/image.png HTTP/1.1" 200 201607
::1 - - [18/Nov/2022:18:13:34 +0200] "POST /formdata HTTP/1.1" 200 190
::1 - - [18/Nov/2022:18:13:52 +0200] "POST /formdata HTTP/1.1" 200 896
::1 - - [18/Nov/2022:18:13:52 +0200] "GET /css/style.css HTTP/1.1" 200 22
::1 - - [18/Nov/2022:18:13:52 +0200] "GET /img/image.png HTTP/1.1" 200 201607
::1 - - [18/Nov/2022:18:14:58 +0200] "POST /formdata HTTP/1.1" 200 896
::1 - - [18/Nov/2022:18:14:59 +0200] "GET /css/style.css HTTP/1.1" 200 22
::1 - - [18/Nov/2022:18:14:59 +0200] "GET /img/image.png HTTP/1.1" 200 201607
::1 - - [18/Nov/2022:18:15:33 +0200] "POST /formdata HTTP/1.1" 200 896
::1 - - [18/Nov/2022:18:15:34 +0200] "GET /css/style.css HTTP/1.1" 200 22
::1 - - [18/Nov/2022:18:15:34 +0200] "GET /img/image.png HTTP/1.1" 200 201607
::1 - - [18/Nov/2022:18:15:46 +0200] "POST /formdata HTTP/1.1" 200 896
::1 - - [18/Nov/2022:18:15:46 +0200] "GET /css/style.css HTTP/1.1" 200 22
::1 - - [18/Nov/2022:18:15:46 +0200] "GET /img/image.png HTTP/1.1" 200 201607
::1 - - [18/Nov/2022:18:16:02 +0200] "POST /formdata HTTP/1.1" 200 896
::1 - - [18/Nov/2022:18:16:03 +0200] "GET /css/style.css HTTP/1.1" 200 22
::1 - - [18/Nov/2022:18:16:03 +0200] "GET /img/image.png HTTP/1.1" 200 201607
::1 - - [18/Nov/2022:18:16:29 +0200] "POST /formdata HTTP/1.1" 200 896
::1 - - [18/Nov/2022:18:16:29 +0200] "GET /css/style.css HTTP/1.1" 200 22
::1 - - [18/Nov/2022:18:16:29 +0200] "GET /img/image.png HTTP/1.1" 200 201607
::1 - - [18/Nov/2022:18:17:35 +0200] "POST /formdata HTTP/1.1" 200 896
::1 - - [18/Nov/2022:18:17:35 +0200] "GET /css/style.css HTTP/1.1" 200 22
::1 - - [18/Nov/2022:18:17:35 +0200] "GET /img/image.png HTTP/1.1" 200 201607
::1 - - [18/Nov/2022:18:17:46 +0200] "GET /basics HTTP/1.1" 200 3544
::1 - - [18/Nov/2022:18:17:47 +0200] "GET /img/image.png HTTP/1.1" 200 201607
::1 - - [18/Nov/2022:18:17:47 +0200] "GET /css/style.css HTTP/1.1" 200 22
::1 - - [18/Nov/2022:18:18:14 +0200] "GET /basics HTTP/1.1" 200 3544
::1 - - [18/Nov/2022:18:18:15 +0200] "GET /css/style.css HTTP/1.1" 200 22
::1 - - [18/Nov/2022:18:18:15 +0200] "GET /img/image.png HTTP/1.1" 200 201607
::1 - - [18/Nov/2022:18:18:21 +0200] "GET /db HTTP/1.1" 200 758
::1 - - [18/Nov/2022:18:18:22 +0200] "GET /css/style.css HTTP/1.1" 200 22
::1 - - [18/Nov/2022:18:18:22 +0200] "GET /img/image.png HTTP/1.1" 200 201607
::1 - - [18/Nov/2022:18:18:24 +0200] "GET /basics HTTP/1.1" 200 3544
::1 - - [18/Nov/2022:18:18:24 +0200] "GET /css/style.css HTTP/1.1" 200 22
::1 - - [18/Nov/2022:18:18:24 +0200] "GET /img/image.png HTTP/1.1" 200 201607
::1 - - [18/Nov/2022:18:18:25 +0200] "GET /db HTTP/1.1" 200 758
::1 - - [18/Nov/2022:18:18:25 +0200] "GET /img/image.png HTTP/1.1" 200 201607
::1 - - [18/Nov/2022:18:18:25 +0200] "GET /css/style.css HTTP/1.1" 200 22
::1 - - [18/Nov/2022:18:18:26 +0200] "GET /basics HTTP/1.1" 200 3544
::1 - - [18/Nov/2022:18:18:27 +0200] "GET /css/style.css HTTP/1.1" 200 22
::1 - - [18/Nov/2022:18:18:27 +0200] "GET /img/image.png HTTP/1.1" 200 201607
::1 - - [18/Nov/2022:18:56:18 +0200] "GET /basics HTTP/1.1" 200 3544
::1 - - [18/Nov/2022:18:56:18 +0200] "GET /css/style.css HTTP/1.1" 200 22
::1 - - [18/Nov/2022:18:56:18 +0200] "GET /img/image.png HTTP/1.1" 200 201607
::1 - - [18/Nov/2022:18:56:20 +0200] "GET /db HTTP/1.1" 200 1811
::1 - - [18/Nov/2022:18:56:20 +0200] "GET /css/style.css HTTP/1.1" 200 22
::1 - - [18/Nov/2022:18:56:20 +0200] "GET /img/image.png HTTP/1.1" 200 201607
::1 - - [18/Nov/2022:19:04:36 +0200] "GET /db HTTP/1.1" 200 919
::1 - - [18/Nov/2022:19:04:36 +0200] "GET /img/image.png HTTP/1.1" 200 201607
::1 - - [18/Nov/2022:19:04:36 +0200] "GET /css/style.css HTTP/1.1" 200 22
::1 - - [18/Nov/2022:19:05:03 +0200] "GET /db HTTP/1.1" 200 919
::1 - - [18/Nov/2022:19:05:04 +0200] "GET /css/style.css HTTP/1.1" 200 22
::1 - - [18/Nov/2022:19:05:04 +0200] "GET /img/image.png HTTP/1.1" 200 201607
::1 - - [18/Nov/2022:19:05:27 +0200] "GET /db HTTP/1.1" 200 1824
::1 - - [18/Nov/2022:19:05:27 +0200] "GET /css/style.css HTTP/1.1" 200 22
::1 - - [18/Nov/2022:19:05:27 +0200] "GET /img/image.png HTTP/1.1" 200 201607
::1 - - [18/Nov/2022:19:05:34 +0200] "GET /basics HTTP/1.1" 200 3544
::1 - - [18/Nov/2022:19:05:34 +0200] "GET /css/style.css HTTP/1.1" 200 22
::1 - - [18/Nov/2022:19:05:34 +0200] "GET /img/image.png HTTP/1.1" 200 201607
::1 - - [18/Nov/2022:19:05:38 +0200] "GET /db HTTP/1.1" 200 1824
::1 - - [18/Nov/2022:19:05:38 +0200] "GET /css/style.css HTTP/1.1" 200 22
::1 - - [18/Nov/2022:19:05:38 +0200] "GET /img/image.png HTTP/1.1" 200 201607
::1 - - [18/Nov/2022:19:06:10 +0200] "GET /db HTTP/1.1" 200 1802
::1 - - [18/Nov/2022:19:06:10 +0200] "GET /css/style.css HTTP/1.1" 200 22
::1 - - [18/Nov/2022:19:06:10 +0200] "GET /img/image.png HTTP/1.1" 200 201607
::1 - - [21/Nov/2022:17:55:57 +0200] "GET /css/style.css HTTP/1.1" 200 22
::1 - - [21/Nov/2022:17:55:57 +0200] "GET /img/image.png HTTP/1.1" 200 201607
::1 - - [21/Nov/2022:18:46:51 +0200] "GET /db HTTP/1.1" 200 5180
::1 - - [21/Nov/2022:18:46:52 +0200] "GET /css/style.css HTTP/1.1" 200 22
::1 - - [21/Nov/2022:18:46:52 +0200] "GET /img/image.png HTTP/1.1" 200 201607
::1 - - [21/Nov/2022:18:47:06 +0200] "GET / HTTP/1.1" 200 2485
::1 - - [21/Nov/2022:18:47:07 +0200] "GET /css/style.css HTTP/1.1" 200 22
::1 - - [21/Nov/2022:18:47:07 +0200] "GET /img/image.png HTTP/1.1" 200 201607
::1 - - [21/Nov/2022:18:48:48 +0200] "GET / HTTP/1.1" 200 2485
::1 - - [21/Nov/2022:18:48:48 +0200] "GET /css/style.css HTTP/1.1" 200 22
::1 - - [21/Nov/2022:18:48:48 +0200] "GET /img/image.png HTTP/1.1" 200 201607
::1 - - [21/Nov/2022:18:48:52 +0200] "GET /db HTTP/1.1" 200 5239
::1 - - [21/Nov/2022:18:48:53 +0200] "GET /css/style.css HTTP/1.1" 200 22
::1 - - [21/Nov/2022:18:48:53 +0200] "GET /img/image.png HTTP/1.1" 200 201607
::1 - - [21/Nov/2022:18:51:23 +0200] "GET /db HTTP/1.1" 200 284
::1 - - [21/Nov/2022:18:54:16 +0200] "GET /db HTTP/1.1" 200 8
::1 - - [21/Nov/2022:19:13:28 +0200] "GET /db HTTP/1.1" 200 399
::1 - - [21/Nov/2022:19:13:49 +0200] "GET /db HTTP/1.1" 200 399
::1 - - [21/Nov/2022:19:14:58 +0200] "GET /db HTTP/1.1" 200 401
::1 - - [21/Nov/2022:19:16:04 +0200] "GET /db HTTP/1.1" 200 401
::1 - - [21/Nov/2022:19:16:29 +0200] "GET /db HTTP/1.1" 200 115
::1 - - [21/Nov/2022:19:21:11 +0200] "GET /db HTTP/1.1" 200 115
::1 - - [21/Nov/2022:19:23:55 +0200] "GET /db HTTP/1.1" 200 115
::1 - - [21/Nov/2022:19:23:57 +0200] "GET /db HTTP/1.1" 200 115
::1 - - [21/Nov/2022:19:37:36 +0200] "GET /db HTTP/1.1" 200 115
::1 - - [21/Nov/2022:19:42:58 +0200] "GET /db HTTP/1.1" 200 9
::1 - - [21/Nov/2022:20:04:06 +0200] "GET /db HTTP/1.1" 200 5506
::1 - - [21/Nov/2022:20:04:06 +0200] "GET /css/style.css HTTP/1.1" 200 22
::1 - - [21/Nov/2022:20:04:06 +0200] "GET /img/image.png HTTP/1.1" 200 201607
::1 - - [21/Nov/2022:20:31:08 +0200] "GET /db HTTP/1.1" 200 5873
::1 - - [21/Nov/2022:20:31:08 +0200] "GET /css/style.css HTTP/1.1" 200 22
::1 - - [21/Nov/2022:20:31:08 +0200] "GET /img/image.png HTTP/1.1" 200 201607
::1 - - [21/Nov/2022:20:32:05 +0200] "GET /db HTTP/1.1" 200 5960
::1 - - [21/Nov/2022:20:32:05 +0200] "GET /css/style.css HTTP/1.1" 200 22
::1 - - [21/Nov/2022:20:32:05 +0200] "GET /img/image.png HTTP/1.1" 200 201607
::1 - - [21/Nov/2022:20:32:31 +0200] "GET /db HTTP/1.1" 200 6019
::1 - - [21/Nov/2022:20:32:31 +0200] "GET /css/style.css HTTP/1.1" 200 22
::1 - - [21/Nov/2022:20:32:31 +0200] "GET /img/image.png HTTP/1.1" 200 201607
::1 - - [21/Nov/2022:20:32:57 +0200] "GET /db HTTP/1.1" 200 6078
::1 - - [21/Nov/2022:20:32:58 +0200] "GET /css/style.css HTTP/1.1" 200 22
::1 - - [21/Nov/2022:20:32:58 +0200] "GET /img/image.png HTTP/1.1" 200 201607
::1 - - [21/Nov/2022:20:33:00 +0200] "GET /db HTTP/1.1" 200 6137
::1 - - [21/Nov/2022:20:33:00 +0200] "GET /css/style.css HTTP/1.1" 200 22
::1 - - [21/Nov/2022:20:33:00 +0200] "GET /img/image.png HTTP/1.1" 200 201607
::1 - - [21/Nov/2022:20:33:22 +0200] "GET /db HTTP/1.1" 200 6196
::1 - - [21/Nov/2022:20:33:22 +0200] "GET /css/style.css HTTP/1.1" 200 22
::1 - - [21/Nov/2022:20:33:22 +0200] "GET /img/image.png HTTP/1.1" 200 201607
::1 - - [21/Nov/2022:20:34:44 +0200] "GET /db HTTP/1.1" 200 6255
::1 - - [21/Nov/2022:20:34:45 +0200] "GET /css/style.css HTTP/1.1" 200 22
::1 - - [21/Nov/2022:20:34:45 +0200] "GET /img/image.png HTTP/1.1" 200 201607
::1 - - [21/Nov/2022:20:34:54 +0200] "GET /layout HTTP/1.1" 200 2096
::1 - - [21/Nov/2022:20:34:54 +0200] "GET /css/style.css HTTP/1.1" 200 22
::1 - - [21/Nov/2022:20:34:54 +0200] "GET /img/image.png HTTP/1.1" 200 201607
::1 - - [21/Nov/2022:20:35:45 +0200] "GET /layout HTTP/1.1" 200 1774
::1 - - [21/Nov/2022:20:35:45 +0200] "GET /img/image.png HTTP/1.1" 200 201607
::1 - - [21/Nov/2022:20:35:45 +0200] "GET /css/style.css HTTP/1.1" 200 22
::1 - - [21/Nov/2022:20:37:52 +0200] "POST /layout HTTP/1.1" 200 1774
::1 - - [21/Nov/2022:20:37:52 +0200] "GET /css/style.css HTTP/1.1" 200 22
::1 - - [21/Nov/2022:20:37:52 +0200] "GET /img/image.png HTTP/1.1" 200 201607
::1 - - [21/Nov/2022:20:38:45 +0200] "POST /layout HTTP/1.1" 200 1774
::1 - - [21/Nov/2022:20:38:45 +0200] "GET /css/style.css HTTP/1.1" 200 22
::1 - - [21/Nov/2022:20:38:45 +0200] "GET /img/image.png HTTP/1.1" 200 201607
::1 - - [21/Nov/2022:20:39:24 +0200] "POST /layout HTTP/1.1" 200 1774
::1 - - [21/Nov/2022:20:39:25 +0200] "GET /css/style.css HTTP/1.1" 200 22
::1 - - [21/Nov/2022:20:39:25 +0200] "GET /img/image.png HTTP/1.1" 200 201607
::1 - - [21/Nov/2022:20:39:30 +0200] "POST /layout HTTP/1.1" 200 1774
::1 - - [21/Nov/2022:20:39:31 +0200] "GET /css/style.css HTTP/1.1" 200 22
::1 - - [21/Nov/2022:20:39:31 +0200] "GET /img/image.png HTTP/1.1" 200 201607
::1 - - [21/Nov/2022:20:40:54 +0200] "POST /layout HTTP/1.1" 200 1774
::1 - - [21/Nov/2022:20:40:54 +0200] "GET /css/style.css HTTP/1.1" 200 22
::1 - - [21/Nov/2022:20:40:54 +0200] "GET /img/image.png HTTP/1.1" 200 201607
::1 - - [21/Nov/2022:20:41:00 +0200] "POST /layout HTTP/1.1" 200 1774
::1 - - [21/Nov/2022:20:41:00 +0200] "GET /css/style.css HTTP/1.1" 200 22
::1 - - [21/Nov/2022:20:41:00 +0200] "GET /img/image.png HTTP/1.1" 200 201607
::1 - - [21/Nov/2022:20:43:21 +0200] "POST /layout HTTP/1.1" 200 1774
::1 - - [21/Nov/2022:20:43:21 +0200] "GET /css/style.css HTTP/1.1" 200 22
::1 - - [21/Nov/2022:20:43:21 +0200] "GET /img/image.png HTTP/1.1" 200 201607
::1 - - [21/Nov/2022:20:43:25 +0200] "POST /layout HTTP/1.1" 200 1774
::1 - - [21/Nov/2022:20:43:25 +0200] "GET /css/style.css HTTP/1.1" 200 22
::1 - - [21/Nov/2022:20:43:25 +0200] "GET /img/image.png HTTP/1.1" 200 201607
::1 - - [21/Nov/2022:20:43:35 +0200] "GET /css/style.css HTTP/1.1" 200 22
::1 - - [21/Nov/2022:20:44:13 +0200] "POST /layout HTTP/1.1" 200 82
::1 - - [21/Nov/2022:20:44:56 +0200] "POST /layout HTTP/1.1" 200 1582
::1 - - [21/Nov/2022:20:44:56 +0200] "GET /css/style.css HTTP/1.1" 200 22
::1 - - [21/Nov/2022:20:44:56 +0200] "GET /img/image.png HTTP/1.1" 200 201607
::1 - - [23/Nov/2022:20:38:09 +0200] "GET /fundamentals.php HTTP/1.1" 200 1150
::1 - - [23/Nov/2022:20:38:10 +0200] "GET /css/style.css HTTP/1.1" 200 22
::1 - - [23/Nov/2022:20:38:10 +0200] "GET /img/image.png HTTP/1.1" 200 201607
::1 - - [23/Nov/2022:20:45:08 +0200] "POST /layout HTTP/1.1" 200 1582
::1 - - [23/Nov/2022:20:45:09 +0200] "GET /css/style.css HTTP/1.1" 200 22
::1 - - [23/Nov/2022:20:45:09 +0200] "GET /img/image.png HTTP/1.1" 200 201607
::1 - - [23/Nov/2022:20:45:12 +0200] "GET /db HTTP/1.1" 200 5992
::1 - - [23/Nov/2022:20:45:12 +0200] "GET /css/style.css HTTP/1.1" 200 22
::1 - - [23/Nov/2022:20:45:12 +0200] "GET /img/image.png HTTP/1.1" 200 201607
::1 - - [23/Nov/2022:20:45:14 +0200] "GET /db HTTP/1.1" 200 6051
::1 - - [23/Nov/2022:20:45:14 +0200] "GET /css/style.css HTTP/1.1" 200 22
::1 - - [23/Nov/2022:20:45:14 +0200] "GET /img/image.png HTTP/1.1" 200 201607
::1 - - [23/Nov/2022:20:53:27 +0200] "GET /db HTTP/1.1" 200 6110
::1 - - [23/Nov/2022:20:53:27 +0200] "GET /css/style.css HTTP/1.1" 200 22
::1 - - [23/Nov/2022:20:53:27 +0200] "GET /img/image.png HTTP/1.1" 200 201607
::1 - - [23/Nov/2022:20:53:54 +0200] "GET /registration.php HTTP/1.1" 200 1150
::1 - - [23/Nov/2022:20:53:54 +0200] "GET /css/style.css HTTP/1.1" 200 22
::1 - - [23/Nov/2022:20:53:54 +0200] "GET /img/image.png HTTP/1.1" 200 201607
::1 - - [23/Nov/2022:20:55:17 +0200] "GET /registration.php HTTP/1.1" 200 221
::1 - - [23/Nov/2022:20:55:35 +0200] "GET /registration.php HTTP/1.1" 200 1190
::1 - - [23/Nov/2022:20:55:35 +0200] "GET /css/style.css HTTP/1.1" 200 22
::1 - - [23/Nov/2022:20:55:35 +0200] "GET /img/image.png HTTP/1.1" 200 201607
::1 - - [23/Nov/2022:20:56:18 +0200] "GET /registration.php HTTP/1.1" 200 1229
::1 - - [23/Nov/2022:20:56:18 +0200] "GET /css/style.css HTTP/1.1" 200 22
::1 - - [23/Nov/2022:20:56:18 +0200] "GET /img/image.png HTTP/1.1" 200 201607
::1 - - [23/Nov/2022:20:56:26 +0200] "POST /registration.php HTTP/1.1" 200 1246
::1 - - [23/Nov/2022:20:56:26 +0200] "GET /css/style.css HTTP/1.1" 200 22
::1 - - [23/Nov/2022:20:56:26 +0200] "GET /img/image.png HTTP/1.1" 200 201607
::1 - - [23/Nov/2022:20:56:28 +0200] "POST /registration.php HTTP/1.1" 200 1246
::1 - - [23/Nov/2022:20:56:28 +0200] "GET /css/style.css HTTP/1.1" 200 22
::1 - - [23/Nov/2022:20:56:28 +0200] "GET /img/image.png HTTP/1.1" 200 201607
::1 - - [23/Nov/2022:20:56:35 +0200] "POST /registration.php HTTP/1.1" 200 1246
::1 - - [23/Nov/2022:20:56:35 +0200] "GET /css/style.css HTTP/1.1" 200 22
::1 - - [23/Nov/2022:20:56:35 +0200] "GET /img/image.png HTTP/1.1" 200 201607
::1 - - [23/Nov/2022:20:56:36 +0200] "POST /registration.php HTTP/1.1" 200 1246
::1 - - [23/Nov/2022:20:56:36 +0200] "GET /css/style.css HTTP/1.1" 200 22
::1 - - [23/Nov/2022:20:56:36 +0200] "GET /img/image.png HTTP/1.1" 200 201607
::1 - - [23/Nov/2022:20:56:37 +0200] "POST /registration.php HTTP/1.1" 200 1246
::1 - - [23/Nov/2022:20:56:37 +0200] "GET /css/style.css HTTP/1.1" 200 22
::1 - - [23/Nov/2022:20:56:37 +0200] "GET /img/image.png HTTP/1.1" 200 201607
::1 - - [23/Nov/2022:21:08:43 +0200] "POST /registration.php HTTP/1.1" 200 1484
::1 - - [23/Nov/2022:21:08:43 +0200] "GET /css/style.css HTTP/1.1" 200 22
::1 - - [23/Nov/2022:21:08:43 +0200] "GET /img/image.png HTTP/1.1" 200 201607
::1 - - [23/Nov/2022:21:09:18 +0200] "POST /registration.php HTTP/1.1" 200 1510
::1 - - [23/Nov/2022:21:09:18 +0200] "GET /css/style.css HTTP/1.1" 200 22
::1 - - [23/Nov/2022:21:09:18 +0200] "GET /img/image.png HTTP/1.1" 200 201607
::1 - - [24/Nov/2022:09:06:25 +0200] "GET /css/style.css HTTP/1.1" 200 22
::1 - - [24/Nov/2022:09:06:25 +0200] "GET /img/image.png HTTP/1.1" 200 201607
::1 - - [25/Nov/2022:16:42:05 +0200] "POST /registration.php HTTP/1.1" 200 1505
::1 - - [25/Nov/2022:16:42:06 +0200] "GET /css/style.css HTTP/1.1" 200 22
::1 - - [25/Nov/2022:16:42:06 +0200] "GET /img/image.png HTTP/1.1" 200 201607
::1 - - [25/Nov/2022:16:42:11 +0200] "POST /registration.php HTTP/1.1" 200 1257
::1 - - [25/Nov/2022:16:42:11 +0200] "GET /css/style.css HTTP/1.1" 200 22
::1 - - [25/Nov/2022:16:42:11 +0200] "GET /img/image.png HTTP/1.1" 200 201607
::1 - - [25/Nov/2022:16:42:23 +0200] "GET / HTTP/1.1" 200 3045
::1 - - [25/Nov/2022:16:42:24 +0200] "GET /css/style.css HTTP/1.1" 200 22
::1 - - [25/Nov/2022:16:42:24 +0200] "GET /img/image.png HTTP/1.1" 200 201607
::1 - - [25/Nov/2022:16:42:28 +0200] "POST / HTTP/1.1" 200 2814
::1 - - [25/Nov/2022:16:42:29 +0200] "GET /css/style.css HTTP/1.1" 200 22
::1 - - [25/Nov/2022:16:42:29 +0200] "GET /img/image.png HTTP/1.1" 200 201607
::1 - - [25/Nov/2022:16:43:09 +0200] "POST / HTTP/1.1" 200 2515
::1 - - [25/Nov/2022:16:43:09 +0200] "GET /css/style.css HTTP/1.1" 200 22
::1 - - [25/Nov/2022:16:43:09 +0200] "GET /img/image.png HTTP/1.1" 200 201607
::1 - - [28/Nov/2022:09:43:54 +0200] "POST / HTTP/1.1" 200 2515
::1 - - [28/Nov/2022:09:43:59 +0200] "GET /css/style.css HTTP/1.1" 200 22
::1 - - [28/Nov/2022:09:43:59 +0200] "GET /img/image.png HTTP/1.1" 200 201607
::1 - - [28/Nov/2022:09:44:07 +0200] "POST / HTTP/1.1" 200 2515
::1 - - [28/Nov/2022:09:44:07 +0200] "GET /css/style.css HTTP/1.1" 200 22
::1 - - [28/Nov/2022:09:44:07 +0200] "GET /img/image.png HTTP/1.1" 200 201607
::1 - - [28/Nov/2022:09:44:16 +0200] "POST / HTTP/1.1" 200 2515
::1 - - [28/Nov/2022:09:44:16 +0200] "GET /css/style.css HTTP/1.1" 200 22
::1 - - [28/Nov/2022:09:44:16 +0200] "GET /img/image.png HTTP/1.1" 200 201607
::1 - - [28/Nov/2022:09:44:21 +0200] "GET /db HTTP/1.1" 200 6208
::1 - - [28/Nov/2022:09:44:21 +0200] "GET /css/style.css HTTP/1.1" 200 22
::1 - - [28/Nov/2022:09:44:21 +0200] "GET /img/image.png HTTP/1.1" 200 201607
::1 - - [28/Nov/2022:10:06:06 +0200] "POST / HTTP/1.1" 200 2515
::1 - - [28/Nov/2022:10:06:07 +0200] "GET /css/style.css HTTP/1.1" 200 22
::1 - - [28/Nov/2022:10:06:07 +0200] "GET /img/image.png HTTP/1.1" 200 201607
::1 - - [28/Nov/2022:10:06:08 +0200] "GET /db HTTP/1.1" 200 6290
::1 - - [28/Nov/2022:10:06:08 +0200] "GET /css/style.css HTTP/1.1" 200 22
::1 - - [28/Nov/2022:10:06:08 +0200] "GET /img/image.png HTTP/1.1" 200 201607
::1 - - [28/Nov/2022:10:07:00 +0200] "GET /db HTTP/1.1" 200 6376
::1 - - [28/Nov/2022:10:07:00 +0200] "GET /css/style.css HTTP/1.1" 200 22
::1 - - [28/Nov/2022:10:07:00 +0200] "GET /img/image.png HTTP/1.1" 200 201607
::1 - - [28/Nov/2022:10:08:13 +0200] "GET /db HTTP/1.1" 200 6494
::1 - - [28/Nov/2022:10:08:13 +0200] "GET /css/style.css HTTP/1.1" 200 22
::1 - - [28/Nov/2022:10:08:13 +0200] "GET /img/image.png HTTP/1.1" 200 201607
::1 - - [28/Nov/2022:10:08:16 +0200] "GET /db HTTP/1.1" 200 6612
::1 - - [28/Nov/2022:10:08:16 +0200] "GET /css/style.css HTTP/1.1" 200 22
::1 - - [28/Nov/2022:10:08:16 +0200] "GET /img/image.png HTTP/1.1" 200 201607
::1 - - [28/Nov/2022:10:09:19 +0200] "GET /db HTTP/1.1" 200 6739
::1 - - [28/Nov/2022:10:09:19 +0200] "GET /css/style.css HTTP/1.1" 200 22
::1 - - [28/Nov/2022:10:09:19 +0200] "GET /img/image.png HTTP/1.1" 200 201607
::1 - - [28/Nov/2022:10:10:28 +0200] "GET /db HTTP/1.1" 200 6921
::1 - - [28/Nov/2022:10:10:28 +0200] "GET /css/style.css HTTP/1.1" 200 22
::1 - - [28/Nov/2022:10:10:28 +0200] "GET /img/image.png HTTP/1.1" 200 201607
::1 - - [28/Nov/2022:10:10:47 +0200] "GET /db HTTP/1.1" 200 1178
::1 - - [28/Nov/2022:10:10:47 +0200] "GET /css/style.css HTTP/1.1" 200 22
::1 - - [28/Nov/2022:10:10:47 +0200] "GET /img/image.png HTTP/1.1" 200 201607
::1 - - [28/Nov/2022:10:10:54 +0200] "GET /db HTTP/1.1" 200 7039
::1 - - [28/Nov/2022:10:10:55 +0200] "GET /css/style.css HTTP/1.1" 200 22
::1 - - [28/Nov/2022:10:10:55 +0200] "GET /img/image.png HTTP/1.1" 200 201607
::1 - - [28/Nov/2022:10:11:17 +0200] "GET /db HTTP/1.1" 200 1200
::1 - - [28/Nov/2022:10:11:17 +0200] "GET /css/style.css HTTP/1.1" 200 22
::1 - - [28/Nov/2022:10:11:17 +0200] "GET /img/image.png HTTP/1.1" 200 201607
::1 - - [28/Nov/2022:10:11:27 +0200] "GET /db HTTP/1.1" 200 7162
::1 - - [28/Nov/2022:10:11:27 +0200] "GET /css/style.css HTTP/1.1" 200 22
::1 - - [28/Nov/2022:10:11:27 +0200] "GET /img/image.png HTTP/1.1" 200 201607
::1 - - [28/Nov/2022:10:12:21 +0200] "GET /db HTTP/1.1" 200 7280
::1 - - [28/Nov/2022:10:12:21 +0200] "GET /css/style.css HTTP/1.1" 200 22
::1 - - [28/Nov/2022:10:12:21 +0200] "GET /img/image.png HTTP/1.1" 200 201607
::1 - - [28/Nov/2022:10:12:41 +0200] "GET /db HTTP/1.1" 200 7407
::1 - - [28/Nov/2022:10:12:42 +0200] "GET /css/style.css HTTP/1.1" 200 22
::1 - - [28/Nov/2022:10:12:42 +0200] "GET /img/image.png HTTP/1.1" 200 201607
